<?xml version="1.0" encoding="UTF-8"?>
<testng-results skipped="0" failed="0" total="1" passed="1">
  <reporter-output>
  </reporter-output>
  <suite name="regression" duration-ms="63206" started-at="2018-11-09T16:35:25Z" finished-at="2018-11-09T16:36:29Z">
    <groups>
      <group name="cucumber">
        <method signature="AbstractTestNGCucumberTests.feature(cucumber.api.testng.CucumberFeatureWrapper)[pri:0, instance:testRunner.Runner@5f2108b5]" name="feature" class="cucumber.api.testng.AbstractTestNGCucumberTests"/>
      </group> <!-- cucumber -->
    </groups>
    <test name="window" duration-ms="63206" started-at="2018-11-09T16:35:25Z" finished-at="2018-11-09T16:36:29Z">
      <class name="testRunner.Runner">
        <test-method status="PASS" signature="setUpClass()[pri:0, instance:testRunner.Runner@5f2108b5]" test-instance-name="" name="setUpClass" is-config="true" duration-ms="445" started-at="2018-11-09T11:35:26Z" finished-at="2018-11-09T11:35:26Z">
          <reporter-output>
          </reporter-output>
        </test-method> <!-- setUpClass -->
        <test-method name="feature" test-instance-name="" signature="feature(cucumber.api.testng.CucumberFeatureWrapper)[pri:0, instance:testRunner.Runner@5f2108b5]" status="PASS" duration-ms="61232" finished-at="2018-11-09T11:36:27Z" started-at="2018-11-09T11:35:26Z" data-provider="features" description="Runs Cucumber Feature">
          <params>
            <param index="0">
              <value>
                <![CDATA[Title of your feature]]>
              </value>
            </param>
          </params>
          <reporter-output>
          </reporter-output>
        </test-method> <!-- feature -->
        <test-method status="PASS" signature="tearDownClass()[pri:0, instance:testRunner.Runner@5f2108b5]" test-instance-name="" name="tearDownClass" is-config="true" duration-ms="945" started-at="2018-11-09T11:36:28Z" finished-at="2018-11-09T11:36:29Z">
          <reporter-output>
          </reporter-output>
        </test-method> <!-- tearDownClass -->
      </class> <!-- testRunner.Runner -->
    </test> <!-- window -->
  </suite> <!-- regression -->
</testng-results>
